app/build/intermediates/manifest_merge_blame_file/debug/manifest-merger-blame-debug-report.txt
1<?xml version="1.0" encoding="utf-8"?>
2<manifest xmlns:android="http://schemas.android.com/apk/res/android"
3    package="ymsli.com.adminemployee"
4    android:versionCode="1"
5    android:versionName="1.0" >
6
7    <uses-sdk
8        android:minSdkVersion="23"
8-->src\main\AndroidManifest.xml
9        android:targetSdkVersion="32" />
9-->src\main\AndroidManifest.xml
10
11    <uses-permission android:name="android.permission.ACCESS_FINE_LOCATION" />
11-->src\main\AndroidManifest.xml:5:5-79
11-->src\main\AndroidManifest.xml:5:22-76
12    <uses-permission android:name="android.permission.ACCESS_COARSE_LOCATION" />
12-->src\main\AndroidManifest.xml:6:5-81
12-->src\main\AndroidManifest.xml:6:22-78
13    <uses-permission android:name="android.permission.INTERNET" />
13-->src\main\AndroidManifest.xml:7:5-67
13-->src\main\AndroidManifest.xml:7:22-64
14    <uses-permission android:name="android.permission.ACCESS_NETWORK_STATE" />
14-->src\main\AndroidManifest.xml:8:5-79
14-->src\main\AndroidManifest.xml:8:22-76
15
16    <application
16-->src\main\AndroidManifest.xml:10:5-76:19
17        android:name="ymsli.com.adminemployee.utils.MyApplication"
17-->src\main\AndroidManifest.xml:11:9-44
18        android:allowBackup="true"
18-->src\main\AndroidManifest.xml:12:9-35
19        android:appComponentFactory="androidx.core.app.CoreComponentFactory"
19-->[androidx.core:core:1.8.0] AndroidManifest.xml:24:18-86
20        android:dataExtractionRules="@xml/data_extraction_rules"
20-->src\main\AndroidManifest.xml:13:9-65
21        android:debuggable="true"
22        android:extractNativeLibs="false"
23        android:fullBackupContent="@xml/backup_rules"
23-->src\main\AndroidManifest.xml:14:9-54
24        android:icon="@mipmap/ic_launcher"
24-->src\main\AndroidManifest.xml:15:9-43
25        android:label="@string/app_name"
25-->src\main\AndroidManifest.xml:16:9-41
26        android:roundIcon="@mipmap/ic_launcher_round"
26-->src\main\AndroidManifest.xml:17:9-54
27        android:supportsRtl="true"
27-->src\main\AndroidManifest.xml:18:9-35
28        android:testOnly="true"
29        android:theme="@style/Theme.CPO" >
29-->src\main\AndroidManifest.xml:19:9-41
30        <activity
30-->src\main\AndroidManifest.xml:21:9-27:20
31            android:name="ymsli.com.adminemployee.ui.view.activity.AddMemberActivity"
31-->src\main\AndroidManifest.xml:22:13-63
32            android:exported="false" >
32-->src\main\AndroidManifest.xml:23:13-37
33            <meta-data
33-->src\main\AndroidManifest.xml:24:13-26:36
34                android:name="android.app.lib_name"
34-->src\main\AndroidManifest.xml:25:17-52
35                android:value="" />
35-->src\main\AndroidManifest.xml:26:17-33
36        </activity>
37        <activity
37-->src\main\AndroidManifest.xml:28:9-34:20
38            android:name="ymsli.com.adminemployee.ui.view.activity.EmployeeListActivity"
38-->src\main\AndroidManifest.xml:29:13-66
39            android:exported="false" >
39-->src\main\AndroidManifest.xml:30:13-37
40            <meta-data
40-->src\main\AndroidManifest.xml:24:13-26:36
41                android:name="android.app.lib_name"
41-->src\main\AndroidManifest.xml:25:17-52
42                android:value="" />
42-->src\main\AndroidManifest.xml:26:17-33
43        </activity>
44        <activity
44-->src\main\AndroidManifest.xml:35:9-41:20
45            android:name="ymsli.com.adminemployee.ui.view.activity.CreateTeamActivity"
45-->src\main\AndroidManifest.xml:36:13-64
46            android:exported="false" >
46-->src\main\AndroidManifest.xml:37:13-37
47            <meta-data
47-->src\main\AndroidManifest.xml:24:13-26:36
48                android:name="android.app.lib_name"
48-->src\main\AndroidManifest.xml:25:17-52
49                android:value="" />
49-->src\main\AndroidManifest.xml:26:17-33
50        </activity>
51        <activity
51-->src\main\AndroidManifest.xml:42:9-48:20
52            android:name="ymsli.com.adminemployee.ui.view.activity.PlannerActivity"
52-->src\main\AndroidManifest.xml:43:13-61
53            android:exported="false" >
53-->src\main\AndroidManifest.xml:44:13-37
54            <meta-data
54-->src\main\AndroidManifest.xml:24:13-26:36
55                android:name="android.app.lib_name"
55-->src\main\AndroidManifest.xml:25:17-52
56                android:value="" />
56-->src\main\AndroidManifest.xml:26:17-33
57        </activity>
58        <activity
58-->src\main\AndroidManifest.xml:49:9-55:20
59            android:name="ymsli.com.adminemployee.ui.view.activity.HomeActivity"
59-->src\main\AndroidManifest.xml:50:13-58
60            android:exported="false" >
60-->src\main\AndroidManifest.xml:51:13-37
61            <meta-data
61-->src\main\AndroidManifest.xml:24:13-26:36
62                android:name="android.app.lib_name"
62-->src\main\AndroidManifest.xml:25:17-52
63                android:value="" />
63-->src\main\AndroidManifest.xml:26:17-33
64        </activity>
65        <activity
65-->src\main\AndroidManifest.xml:56:9-62:20
66            android:name="ymsli.com.adminemployee.ui.view.activity.LoginRegisterActivity"
66-->src\main\AndroidManifest.xml:57:13-67
67            android:exported="false" >
67-->src\main\AndroidManifest.xml:58:13-37
68            <meta-data
68-->src\main\AndroidManifest.xml:24:13-26:36
69                android:name="android.app.lib_name"
69-->src\main\AndroidManifest.xml:25:17-52
70                android:value="" />
70-->src\main\AndroidManifest.xml:26:17-33
71        </activity>
72        <activity
72-->src\main\AndroidManifest.xml:63:9-75:20
73            android:name="ymsli.com.adminemployee.ui.view.activity.SplashActivity"
73-->src\main\AndroidManifest.xml:64:13-60
74            android:exported="true" >
74-->src\main\AndroidManifest.xml:65:13-36
75            <intent-filter>
75-->src\main\AndroidManifest.xml:66:13-70:29
76                <action android:name="android.intent.action.MAIN" />
76-->src\main\AndroidManifest.xml:67:17-69
76-->src\main\AndroidManifest.xml:67:25-66
77
78                <category android:name="android.intent.category.LAUNCHER" />
78-->src\main\AndroidManifest.xml:69:17-77
78-->src\main\AndroidManifest.xml:69:27-74
79            </intent-filter>
80
81            <meta-data
81-->src\main\AndroidManifest.xml:24:13-26:36
82                android:name="android.app.lib_name"
82-->src\main\AndroidManifest.xml:25:17-52
83                android:value="" />
83-->src\main\AndroidManifest.xml:26:17-33
84        </activity>
85
86        <service
86-->[androidx.room:room-runtime:2.4.3] AndroidManifest.xml:25:9-28:40
87            android:name="androidx.room.MultiInstanceInvalidationService"
87-->[androidx.room:room-runtime:2.4.3] AndroidManifest.xml:26:13-74
88            android:directBootAware="true"
88-->[androidx.room:room-runtime:2.4.3] AndroidManifest.xml:27:13-43
89            android:exported="false" />
89-->[androidx.room:room-runtime:2.4.3] AndroidManifest.xml:28:13-37
90
91        <provider
91-->[androidx.emoji2:emoji2:1.2.0] AndroidManifest.xml:24:9-32:20
92            android:name="androidx.startup.InitializationProvider"
92-->[androidx.emoji2:emoji2:1.2.0] AndroidManifest.xml:25:13-67
93            android:authorities="ymsli.com.adminemployee.androidx-startup"
93-->[androidx.emoji2:emoji2:1.2.0] AndroidManifest.xml:26:13-68
94            android:exported="false" >
94-->[androidx.emoji2:emoji2:1.2.0] AndroidManifest.xml:27:13-37
95            <meta-data
95-->[androidx.emoji2:emoji2:1.2.0] AndroidManifest.xml:29:13-31:52
96                android:name="androidx.emoji2.text.EmojiCompatInitializer"
96-->[androidx.emoji2:emoji2:1.2.0] AndroidManifest.xml:30:17-75
97                android:value="androidx.startup" />
97-->[androidx.emoji2:emoji2:1.2.0] AndroidManifest.xml:31:17-49
98            <meta-data
98-->[androidx.lifecycle:lifecycle-process:2.4.1] AndroidManifest.xml:31:13-33:52
99                android:name="androidx.lifecycle.ProcessLifecycleInitializer"
99-->[androidx.lifecycle:lifecycle-process:2.4.1] AndroidManifest.xml:32:17-78
100                android:value="androidx.startup" />
100-->[androidx.lifecycle:lifecycle-process:2.4.1] AndroidManifest.xml:33:17-49
101        </provider>
102
103        <uses-library
103-->[androidx.window:window:1.0.0] AndroidManifest.xml:25:9-27:40
104            android:name="androidx.window.extensions"
104-->[androidx.window:window:1.0.0] AndroidManifest.xml:26:13-54
105            android:required="false" />
105-->[androidx.window:window:1.0.0] AndroidManifest.xml:27:13-37
106        <uses-library
106-->[androidx.window:window:1.0.0] AndroidManifest.xml:28:9-30:40
107            android:name="androidx.window.sidecar"
107-->[androidx.window:window:1.0.0] AndroidManifest.xml:29:13-51
108            android:required="false" />
108-->[androidx.window:window:1.0.0] AndroidManifest.xml:30:13-37
109    </application>
110
111</manifest>